<?xml version="1.0" encoding="UTF-8"?>
<!-- Generated by org.testng.reporters.JUnitReportReporter -->
<testsuite hostname="ttnpl-3848.local" failures="0" tests="1" name="com.swaglabs.Tests.LoginValidUser" time="2.134" errors="0" timestamp="18 Jul 2023 17:23:56 GMT">
  <testcase classname="com.swaglabs.Tests.LoginValidUser" name="LoginValidUserTest" time="2.134"/>
</testsuite> <!-- com.swaglabs.Tests.LoginValidUser -->
