<?xml version="1.0" encoding="UTF-8"?>
<!-- Generated by org.testng.reporters.JUnitReportReporter -->
<testsuite hostname="ttnpl-3848.local" failures="0" tests="1" name="com.swaglabs.Tests.AddToCartSingleItem" time="1.899" errors="0" timestamp="18 Jul 2023 17:23:56 GMT">
  <testcase classname="com.swaglabs.Tests.AddToCartSingleItem" name="AddToCartSingleItemTest" time="1.899"/>
</testsuite> <!-- com.swaglabs.Tests.AddToCartSingleItem -->
